28/10/2025 12:13:05 : SQLSTATE[42000]: Syntax error or access violation: 1064 Erreur de syntaxe près de '<<<<<<< HEAD
            approve_token VARCHAR(64) DEFAULT NULL,
            d' à la ligne 9
28/10/2025 12:21:59 : SQLSTATE[42000]: Syntax error or access violation: 1064 Erreur de syntaxe près de '<<<<<<< HEAD
            approve_token VARCHAR(64) DEFAULT NULL,
            d' à la ligne 9
28/10/2025 12:22:06 : SQLSTATE[42000]: Syntax error or access violation: 1064 Erreur de syntaxe près de '<<<<<<< HEAD
            approve_token VARCHAR(64) DEFAULT NULL,
            d' à la ligne 9
28/10/2025 12:35:39 : SQLSTATE[42000]: Syntax error or access violation: 1064 Erreur de syntaxe près de '<<<<<<< HEAD
            approve_token VARCHAR(64) DEFAULT NULL,
            d' à la ligne 9
28/10/2025 12:35:44 : SQLSTATE[42000]: Syntax error or access violation: 1064 Erreur de syntaxe près de '<<<<<<< HEAD
            approve_token VARCHAR(64) DEFAULT NULL,
            d' à la ligne 9
28/10/2025 12:36:01 : SQLSTATE[42000]: Syntax error or access violation: 1064 Erreur de syntaxe près de '<<<<<<< HEAD
            approve_token VARCHAR(64) DEFAULT NULL,
            d' à la ligne 9
29/10/2025 13:35:15 : SQLSTATE[42000]: Syntax error or access violation: 1064 Erreur de syntaxe près de '<<<<<<< HEAD
            approve_token VARCHAR(64) DEFAULT NULL,
            d' à la ligne 9
29/10/2025 13:36:17 : SQLSTATE[42000]: Syntax error or access violation: 1064 Erreur de syntaxe près de '<<<<<<< HEAD
            approve_token VARCHAR(64) DEFAULT NULL,
            d' à la ligne 9
29/10/2025 13:36:26 : SQLSTATE[42000]: Syntax error or access violation: 1064 Erreur de syntaxe près de '<<<<<<< HEAD
            approve_token VARCHAR(64) DEFAULT NULL,
            d' à la ligne 9
29/10/2025 13:36:41 : SQLSTATE[42000]: Syntax error or access violation: 1064 Erreur de syntaxe près de '<<<<<<< HEAD
            approve_token VARCHAR(64) DEFAULT NULL,
            d' à la ligne 9
29/10/2025 13:37:08 : SQLSTATE[42000]: Syntax error or access violation: 1064 Erreur de syntaxe près de '<<<<<<< HEAD
            approve_token VARCHAR(64) DEFAULT NULL,
            d' à la ligne 9
29/10/2025 16:22:33 : SQLSTATE[42000]: Syntax error or access violation: 1064 Erreur de syntaxe près de '<<<<<<< HEAD
            approve_token VARCHAR(64) DEFAULT NULL,
            d' à la ligne 9
29/10/2025 16:37:31 : SQLSTATE[42000]: Syntax error or access violation: 1064 Erreur de syntaxe près de '<<<<<<< HEAD
            approve_token VARCHAR(64) DEFAULT NULL,
            d' à la ligne 9
29/10/2025 16:38:31 : SQLSTATE[42000]: Syntax error or access violation: 1064 Erreur de syntaxe près de '<<<<<<< HEAD
            approve_token VARCHAR(64) DEFAULT NULL,
            d' à la ligne 9
29/10/2025 16:40:42 : SQLSTATE[42000]: Syntax error or access violation: 1064 Erreur de syntaxe près de '<<<<<<< HEAD
            approve_token VARCHAR(64) DEFAULT NULL,
            d' à la ligne 9
17/11/2025 10:03:37 : SQLSTATE[42000]: Syntax error or access violation: 1064 Erreur de syntaxe près de '-exam CHARACTER SET utf8 COLLATE utf8_bin' à la ligne 1
17/11/2025 10:03:37 : SQLSTATE[HY000] [1049] Base 'projet_exam' inconnue
17/11/2025 10:04:55 : SQLSTATE[42000]: Syntax error or access violation: 1064 Erreur de syntaxe près de '-exam CHARACTER SET utf8 COLLATE utf8_bin' à la ligne 1
17/11/2025 10:04:55 : SQLSTATE[HY000] [1049] Base 'projet_exam' inconnue
17/11/2025 10:05:04 : SQLSTATE[42000]: Syntax error or access violation: 1064 Erreur de syntaxe près de '-exam CHARACTER SET utf8 COLLATE utf8_bin' à la ligne 1
17/11/2025 10:05:04 : SQLSTATE[HY000] [1049] Base 'projet_exam' inconnue
17/11/2025 10:05:15 : SQLSTATE[42000]: Syntax error or access violation: 1064 Erreur de syntaxe près de '-exam CHARACTER SET utf8 COLLATE utf8_bin' à la ligne 1
17/11/2025 10:05:15 : SQLSTATE[HY000] [1049] Base 'projet_exam' inconnue
17/11/2025 10:05:52 : SQLSTATE[42000]: Syntax error or access violation: 1064 Erreur de syntaxe près de '-exam CHARACTER SET utf8 COLLATE utf8_bin' à la ligne 1
17/11/2025 10:05:52 : SQLSTATE[HY000] [1049] Base 'projet_exam' inconnue
17/11/2025 10:07:04 : SQLSTATE[42000]: Syntax error or access violation: 1064 Erreur de syntaxe près de '-exam CHARACTER SET utf8 COLLATE utf8_bin' à la ligne 1
17/11/2025 10:07:04 : SQLSTATE[HY000] [1049] Base 'projet_exam' inconnue
17/11/2025 10:07:53 : SQLSTATE[42000]: Syntax error or access violation: 1064 Erreur de syntaxe près de '-exam CHARACTER SET utf8 COLLATE utf8_bin' à la ligne 1
17/11/2025 10:07:53 : SQLSTATE[HY000] [1049] Base 'projet_exam' inconnue
17/11/2025 10:15:12 : SQLSTATE[42000]: Syntax error or access violation: 1064 Erreur de syntaxe près de '-exam CHARACTER SET utf8 COLLATE utf8_bin' à la ligne 1
17/11/2025 10:15:12 : SQLSTATE[HY000] [1049] Base 'projet_exam' inconnue
